[2017-05-09 16:49:35,435] WARNING opentuner.search.driver: duplicate configuration request #162 NormalGreedyMutation/NormalGreedyMutation OLD @driver.py:179
[2017-05-09 16:49:42,754] WARNING opentuner.search.driver: duplicate configuration request #309 UniformGreedyMutation/UniformGreedyMutation OLD @driver.py:179
[2017-05-09 16:49:43,393] WARNING opentuner.search.driver: duplicate configuration request #321 UniformGreedyMutation/UniformGreedyMutation OLD @driver.py:179
[2017-05-09 16:49:45,196] WARNING opentuner.search.driver: duplicate configuration request #359 UniformGreedyMutation/NormalGreedyMutation OLD @driver.py:179
[2017-05-09 16:49:48,229] WARNING opentuner.search.driver: duplicate configuration request #418 UniformGreedyMutation/UniformGreedyMutation OLD @driver.py:179
[2017-05-09 16:49:49,416] WARNING opentuner.search.driver: duplicate configuration request #442 UniformGreedyMutation/NormalGreedyMutation OLD @driver.py:179
[2017-05-09 16:49:50,764] WARNING opentuner.search.driver: duplicate configuration request #469 NormalGreedyMutation/NormalGreedyMutation OLD @driver.py:179
[2017-05-09 16:49:56,593] WARNING opentuner.search.driver: duplicate configuration request #587 UniformGreedyMutation/NormalGreedyMutation OLD @driver.py:179
[2017-05-09 16:50:00,975] WARNING opentuner.search.driver: duplicate configuration request #632 UniformGreedyMutation/UniformGreedyMutation OLD @driver.py:179
[2017-05-09 16:50:04,593] WARNING opentuner.search.driver: duplicate configuration request #749 UniformGreedyMutation/NormalGreedyMutation OLD @driver.py:179
[2017-05-09 16:50:05,209] WARNING opentuner.search.driver: duplicate configuration request #767 UniformGreedyMutation/UniformGreedyMutation OLD @driver.py:179
[2017-05-09 16:50:05,786] WARNING opentuner.search.driver: duplicate configuration request #787 UniformGreedyMutation/NormalGreedyMutation OLD @driver.py:179
[2017-05-09 16:50:06,667] WARNING opentuner.search.driver: duplicate configuration request #814 NormalGreedyMutation/NormalGreedyMutation OLD @driver.py:179
[2017-05-09 16:50:08,284] WARNING opentuner.search.driver: duplicate configuration request #866 UniformGreedyMutation/NormalGreedyMutation OLD @driver.py:179
[2017-05-09 16:50:13,272] WARNING opentuner.search.driver: duplicate configuration request #1020 UniformGreedyMutation/UniformGreedyMutation OLD @driver.py:179
[2017-05-09 16:50:13,467] WARNING opentuner.search.driver: duplicate configuration request #1025 UniformGreedyMutation/UniformGreedyMutation OLD @driver.py:179
[2017-05-09 16:50:14,494] WARNING opentuner.search.driver: duplicate configuration request #1057 UniformGreedyMutation/UniformGreedyMutation OLD @driver.py:179
[2017-05-09 16:50:16,495] WARNING opentuner.search.driver: duplicate configuration request #1119 UniformGreedyMutation/NormalGreedyMutation OLD @driver.py:179
[2017-05-09 16:50:16,780] WARNING opentuner.search.driver: duplicate configuration request #1126 NormalGreedyMutation/UniformGreedyMutation OLD @driver.py:179
[2017-05-09 16:50:17,539] WARNING opentuner.search.driver: duplicate configuration request #1149 NormalGreedyMutation/NormalGreedyMutation OLD @driver.py:179
[2017-05-09 16:50:19,529] WARNING opentuner.search.driver: duplicate configuration request #1210 UniformGreedyMutation/NormalGreedyMutation OLD @driver.py:179
[2017-05-09 16:50:20,400] WARNING opentuner.search.driver: duplicate configuration request #1238 UniformGreedyMutation/UniformGreedyMutation OLD @driver.py:179
[2017-05-09 16:50:20,619] WARNING opentuner.search.driver: duplicate configuration request #1246 UniformGreedyMutation/UniformGreedyMutation OLD @driver.py:179
[2017-05-09 16:50:22,657] WARNING opentuner.search.driver: duplicate configuration request #1305 UniformGreedyMutation/NormalGreedyMutation OLD @driver.py:179
[2017-05-09 16:50:22,677] WARNING opentuner.search.driver: duplicate configuration request #1307 UniformGreedyMutation/UniformGreedyMutation OLD @driver.py:179
[2017-05-09 16:50:23,319] WARNING opentuner.search.driver: duplicate configuration request #1324 NormalGreedyMutation/NormalGreedyMutation OLD @driver.py:179
[2017-05-09 16:50:25,272] WARNING opentuner.search.driver: duplicate configuration request #1375 UniformGreedyMutation/UniformGreedyMutation OLD @driver.py:179
[2017-05-09 16:50:25,893] WARNING opentuner.search.driver: duplicate configuration request #1393 UniformGreedyMutation/NormalGreedyMutation OLD @driver.py:179
[2017-05-09 16:50:26,259] WARNING opentuner.search.driver: duplicate configuration request #1405 UniformGreedyMutation/UniformGreedyMutation OLD @driver.py:179
[2017-05-09 16:50:27,955] WARNING opentuner.search.driver: duplicate configuration request #1453 UniformGreedyMutation/NormalGreedyMutation OLD @driver.py:179
[2017-05-09 16:50:29,766] WARNING opentuner.search.driver: duplicate configuration request #1508 UniformGreedyMutation/UniformGreedyMutation OLD @driver.py:179
[2017-05-09 16:50:31,584] WARNING opentuner.search.driver: duplicate configuration request #1561 UniformGreedyMutation/NormalGreedyMutation OLD @driver.py:179
[2017-05-09 16:50:35,370] WARNING opentuner.search.driver: duplicate configuration request #1675 UniformGreedyMutation/UniformGreedyMutation OLD @driver.py:179
[2017-05-09 16:50:37,476] WARNING opentuner.search.driver: duplicate configuration request #1733 UniformGreedyMutation/NormalGreedyMutation OLD @driver.py:179
[2017-05-09 16:50:37,487] WARNING opentuner.search.driver: duplicate configuration request #1734 UniformGreedyMutation/UniformGreedyMutation OLD @driver.py:179
[2017-05-09 16:50:38,191] WARNING opentuner.search.driver: duplicate configuration request #1754 UniformGreedyMutation/NormalGreedyMutation OLD @driver.py:179
[2017-05-09 16:50:39,083] WARNING opentuner.search.driver: duplicate configuration request #1780 NormalGreedyMutation/NormalGreedyMutation OLD @driver.py:179
[2017-05-09 16:50:39,182] WARNING opentuner.search.driver: duplicate configuration request #1785 UniformGreedyMutation/UniformGreedyMutation OLD @driver.py:179
[2017-05-09 16:50:39,689] WARNING opentuner.search.driver: duplicate configuration request #1797 UniformGreedyMutation/NormalGreedyMutation OLD @driver.py:179
[2017-05-09 16:50:39,709] WARNING opentuner.search.driver: duplicate configuration request #1799 UniformGreedyMutation/UniformGreedyMutation OLD @driver.py:179
[2017-05-09 16:50:41,020] WARNING opentuner.search.driver: duplicate configuration request #1838 UniformGreedyMutation/NormalGreedyMutation OLD @driver.py:179
[2017-05-09 16:50:41,404] WARNING opentuner.search.driver: duplicate configuration request #1848 NormalGreedyMutation/NormalGreedyMutation OLD @driver.py:179
[2017-05-09 16:50:41,804] WARNING opentuner.search.driver: duplicate configuration request #1860 NormalGreedyMutation/NormalGreedyMutation OLD @driver.py:179
[2017-05-09 16:50:42,309] WARNING opentuner.search.driver: duplicate configuration request #1876 UniformGreedyMutation/UniformGreedyMutation OLD @driver.py:179
[2017-05-09 16:50:45,604] WARNING opentuner.search.driver: duplicate configuration request #1968 UniformGreedyMutation/UniformGreedyMutation OLD @driver.py:179
[2017-05-09 16:50:45,624] WARNING opentuner.search.driver: duplicate configuration request #1970 UniformGreedyMutation/UniformGreedyMutation OLD @driver.py:179
[2017-05-09 16:50:45,729] WARNING opentuner.search.driver: duplicate configuration request #1974 NormalGreedyMutation/UniformGreedyMutation OLD @driver.py:179
[2017-05-09 16:50:47,830] WARNING opentuner.search.driver: duplicate configuration request #2032 UniformGreedyMutation/UniformGreedyMutation OLD @driver.py:179
[2017-05-09 16:50:48,149] WARNING opentuner.search.driver: duplicate configuration request #2046 NormalGreedyMutation/NormalGreedyMutation OLD @driver.py:179
[2017-05-09 16:50:52,216] WARNING opentuner.search.driver: duplicate configuration request #2155 UniformGreedyMutation/UniformGreedyMutation OLD @driver.py:179
[2017-05-09 16:50:52,620] WARNING opentuner.search.driver: duplicate configuration request #2166 UniformGreedyMutation/UniformGreedyMutation OLD @driver.py:179
[2017-05-09 16:50:53,693] WARNING opentuner.search.driver: duplicate configuration request #2195 NormalGreedyMutation/NormalGreedyMutation OLD @driver.py:179
[2017-05-09 16:50:53,873] WARNING opentuner.search.driver: duplicate configuration request #2201 UniformGreedyMutation/UniformGreedyMutation OLD @driver.py:179
[2017-05-09 16:50:54,502] WARNING opentuner.search.driver: duplicate configuration request #2216 UniformGreedyMutation/NormalGreedyMutation OLD @driver.py:179
[2017-05-09 16:50:56,580] WARNING opentuner.search.driver: duplicate configuration request #2264 NormalGreedyMutation/NormalGreedyMutation OLD @driver.py:179
[2017-05-09 16:50:57,274] WARNING opentuner.search.driver: duplicate configuration request #2284 UniformGreedyMutation/NormalGreedyMutation OLD @driver.py:179
[2017-05-09 16:50:57,297] WARNING opentuner.search.driver: duplicate configuration request #2286 UniformGreedyMutation/UniformGreedyMutation OLD @driver.py:179
[2017-05-09 16:50:57,897] WARNING opentuner.search.driver: duplicate configuration request #2304 UniformGreedyMutation/UniformGreedyMutation OLD @driver.py:179
[2017-05-09 16:50:57,917] WARNING opentuner.search.driver: duplicate configuration request #2306 UniformGreedyMutation/NormalGreedyMutation OLD @driver.py:179
[2017-05-09 16:50:59,480] WARNING opentuner.search.driver: duplicate configuration request #2347 UniformGreedyMutation/UniformGreedyMutation OLD @driver.py:179
[2017-05-09 16:50:59,586] WARNING opentuner.search.driver: duplicate configuration request #2351 UniformGreedyMutation/UniformGreedyMutation OLD @driver.py:179
[2017-05-09 16:51:00,142] WARNING opentuner.search.driver: duplicate configuration request #2366 UniformGreedyMutation/UniformGreedyMutation OLD @driver.py:179
[2017-05-09 16:51:00,582] WARNING opentuner.search.driver: duplicate configuration request #2379 UniformGreedyMutation/UniformGreedyMutation OLD @driver.py:179
[2017-05-09 16:51:01,446] WARNING opentuner.search.driver: duplicate configuration request #2403 UniformGreedyMutation/UniformGreedyMutation OLD @driver.py:179
[2017-05-09 16:51:02,994] WARNING opentuner.search.driver: duplicate configuration request #2445 UniformGreedyMutation/UniformGreedyMutation OLD @driver.py:179
[2017-05-09 16:51:03,005] WARNING opentuner.search.driver: duplicate configuration request #2446 UniformGreedyMutation/UniformGreedyMutation OLD @driver.py:179
[2017-05-09 16:51:03,015] WARNING opentuner.search.driver: duplicate configuration request #2447 UniformGreedyMutation/NormalGreedyMutation OLD @driver.py:179
[2017-05-09 16:51:04,828] WARNING opentuner.search.driver: duplicate configuration request #2493 UniformGreedyMutation/NormalGreedyMutation OLD @driver.py:179
[2017-05-09 16:51:05,195] WARNING opentuner.search.driver: duplicate configuration request #2503 NormalGreedyMutation/UniformGreedyMutation OLD @driver.py:179
[2017-05-09 16:51:05,855] WARNING opentuner.search.driver: duplicate configuration request #2522 NormalGreedyMutation/NormalGreedyMutation OLD @driver.py:179
[2017-05-09 16:51:06,799] WARNING opentuner.search.driver: duplicate configuration request #2546 UniformGreedyMutation/UniformGreedyMutation OLD @driver.py:179
[2017-05-09 16:51:07,949] WARNING opentuner.search.driver: duplicate configuration request #2576 UniformGreedyMutation/UniformGreedyMutation OLD @driver.py:179
[2017-05-09 16:51:08,770] WARNING opentuner.search.driver: duplicate configuration request #2598 UniformGreedyMutation/UniformGreedyMutation OLD @driver.py:179
[2017-05-09 16:51:08,866] WARNING opentuner.search.driver: duplicate configuration request #2602 UniformGreedyMutation/UniformGreedyMutation OLD @driver.py:179
[2017-05-09 16:51:10,110] WARNING opentuner.search.driver: duplicate configuration request #2635 NormalGreedyMutation/NormalGreedyMutation OLD @driver.py:179
[2017-05-09 16:51:10,197] WARNING opentuner.search.driver: duplicate configuration request #2638 UniformGreedyMutation/NormalGreedyMutation OLD @driver.py:179
[2017-05-09 16:51:11,214] WARNING opentuner.search.driver: duplicate configuration request #2665 UniformGreedyMutation/UniformGreedyMutation OLD @driver.py:179
[2017-05-09 16:51:11,225] WARNING opentuner.search.driver: duplicate configuration request #2666 UniformGreedyMutation/UniformGreedyMutation OLD @driver.py:179
[2017-05-09 16:51:11,407] WARNING opentuner.search.driver: duplicate configuration request #2673 UniformGreedyMutation/UniformGreedyMutation OLD @driver.py:179
[2017-05-09 16:51:11,744] WARNING opentuner.search.driver: duplicate configuration request #2682 NormalGreedyMutation/NormalGreedyMutation OLD @driver.py:179
[2017-05-09 16:51:11,853] WARNING opentuner.search.driver: duplicate configuration request #2685 UniformGreedyMutation/UniformGreedyMutation OLD @driver.py:179
[2017-05-09 16:51:12,557] WARNING opentuner.search.driver: duplicate configuration request #2702 UniformGreedyMutation/UniformGreedyMutation OLD @driver.py:179
[2017-05-09 16:51:12,567] WARNING opentuner.search.driver: duplicate configuration request #2703 UniformGreedyMutation/UniformGreedyMutation OLD @driver.py:179
[2017-05-09 16:51:12,629] WARNING opentuner.search.driver: duplicate configuration request #2705 NormalGreedyMutation/UniformGreedyMutation OLD @driver.py:179
[2017-05-09 16:51:13,700] WARNING opentuner.search.driver: duplicate configuration request #2735 NormalGreedyMutation/NormalGreedyMutation OLD @driver.py:179
[2017-05-09 16:51:16,214] WARNING opentuner.search.driver: duplicate configuration request #2802 UniformGreedyMutation/UniformGreedyMutation OLD @driver.py:179
[2017-05-09 16:51:16,755] WARNING opentuner.search.driver: duplicate configuration request #2817 NormalGreedyMutation/NormalGreedyMutation OLD @driver.py:179
[2017-05-09 16:51:17,431] WARNING opentuner.search.driver: duplicate configuration request #2832 UniformGreedyMutation/NormalGreedyMutation OLD @driver.py:179
[2017-05-09 16:51:18,792] WARNING opentuner.search.driver: duplicate configuration request #2865 UniformGreedyMutation/UniformGreedyMutation OLD @driver.py:179
[2017-05-09 16:51:19,451] WARNING opentuner.search.driver: duplicate configuration request #2885 UniformGreedyMutation/UniformGreedyMutation OLD @driver.py:179
[2017-05-09 16:51:19,784] WARNING opentuner.search.driver: duplicate configuration request #2893 UniformGreedyMutation/UniformGreedyMutation OLD @driver.py:179
[2017-05-09 16:51:21,742] WARNING opentuner.search.driver: duplicate configuration request #2945 NormalGreedyMutation/UniformGreedyMutation OLD @driver.py:179
[2017-05-09 16:51:22,991] WARNING opentuner.search.driver: duplicate configuration request #2977 UniformGreedyMutation/UniformGreedyMutation OLD @driver.py:179
[2017-05-09 16:51:23,011] WARNING opentuner.search.driver: duplicate configuration request #2979 UniformGreedyMutation/UniformGreedyMutation OLD @driver.py:179
[2017-05-09 16:51:23,447] WARNING opentuner.search.driver: duplicate configuration request #2991 NormalGreedyMutation/NormalGreedyMutation OLD @driver.py:179
[2017-05-09 16:51:24,912] WARNING opentuner.search.driver: duplicate configuration request #3028 UniformGreedyMutation/UniformGreedyMutation OLD @driver.py:179
[2017-05-09 16:51:24,940] WARNING opentuner.search.driver: duplicate configuration request #3031 UniformGreedyMutation/UniformGreedyMutation OLD @driver.py:179
[2017-05-09 16:51:25,873] WARNING opentuner.search.driver: duplicate configuration request #3046 UniformGreedyMutation/DifferentialEvolutionAlt OLD @driver.py:179
[2017-05-09 16:51:28,441] WARNING opentuner.search.driver: duplicate configuration request #3111 UniformGreedyMutation/UniformGreedyMutation OLD @driver.py:179
[2017-05-09 16:51:31,026] WARNING opentuner.search.driver: duplicate configuration request #3177 UniformGreedyMutation/UniformGreedyMutation OLD @driver.py:179
[2017-05-09 16:51:32,443] WARNING opentuner.search.driver: duplicate configuration request #3212 UniformGreedyMutation/NormalGreedyMutation OLD @driver.py:179
[2017-05-09 16:51:32,792] WARNING opentuner.search.driver: duplicate configuration request #3221 UniformGreedyMutation/UniformGreedyMutation OLD @driver.py:179
[2017-05-09 16:51:33,720] WARNING opentuner.search.driver: duplicate configuration request #3241 NormalGreedyMutation/NormalGreedyMutation OLD @driver.py:179
[2017-05-09 16:51:33,820] WARNING opentuner.search.driver: duplicate configuration request #3245 UniformGreedyMutation/UniformGreedyMutation OLD @driver.py:179
[2017-05-09 16:51:34,532] WARNING opentuner.search.driver: duplicate configuration request #3267 UniformGreedyMutation/UniformGreedyMutation OLD @driver.py:179
[2017-05-09 16:51:35,694] WARNING opentuner.search.driver: duplicate configuration request #3297 UniformGreedyMutation/UniformGreedyMutation OLD @driver.py:179
[2017-05-09 16:51:37,354] WARNING opentuner.search.driver: duplicate configuration request #3337 UniformGreedyMutation/UniformGreedyMutation OLD @driver.py:179
[2017-05-09 16:51:38,311] WARNING opentuner.search.driver: duplicate configuration request #3361 UniformGreedyMutation/UniformGreedyMutation OLD @driver.py:179
[2017-05-09 16:51:38,330] WARNING opentuner.search.driver: duplicate configuration request #3363 UniformGreedyMutation/UniformGreedyMutation OLD @driver.py:179
[2017-05-09 16:51:38,745] WARNING opentuner.search.driver: duplicate configuration request #3372 UniformGreedyMutation/UniformGreedyMutation OLD @driver.py:179
[2017-05-09 16:51:38,773] WARNING opentuner.search.driver: duplicate configuration request #3375 UniformGreedyMutation/UniformGreedyMutation OLD @driver.py:179
[2017-05-09 16:51:39,399] WARNING opentuner.search.driver: duplicate configuration request #3388 UniformGreedyMutation/UniformGreedyMutation OLD @driver.py:179
[2017-05-09 16:51:39,419] WARNING opentuner.search.driver: duplicate configuration request #3390 UniformGreedyMutation/NormalGreedyMutation OLD @driver.py:179
[2017-05-09 16:51:39,618] WARNING opentuner.search.driver: duplicate configuration request #3398 UniformGreedyMutation/UniformGreedyMutation OLD @driver.py:179
[2017-05-09 16:51:39,628] WARNING opentuner.search.driver: duplicate configuration request #3399 UniformGreedyMutation/UniformGreedyMutation OLD @driver.py:179
[2017-05-09 16:51:40,725] WARNING opentuner.search.driver: duplicate configuration request #3425 UniformGreedyMutation/UniformGreedyMutation OLD @driver.py:179
[2017-05-09 16:51:40,852] WARNING opentuner.search.driver: duplicate configuration request #3431 NormalGreedyMutation/UniformGreedyMutation OLD @driver.py:179
[2017-05-09 16:51:42,420] WARNING opentuner.search.driver: duplicate configuration request #3469 UniformGreedyMutation/UniformGreedyMutation OLD @driver.py:179
[2017-05-09 16:51:44,958] WARNING opentuner.search.driver: duplicate configuration request #3532 NormalGreedyMutation/NormalGreedyMutation OLD @driver.py:179
[2017-05-09 16:51:45,311] WARNING opentuner.search.driver: duplicate configuration request #3540 UniformGreedyMutation/UniformGreedyMutation OLD @driver.py:179
[2017-05-09 16:51:45,782] WARNING opentuner.search.driver: duplicate configuration request #3553 UniformGreedyMutation/UniformGreedyMutation OLD @driver.py:179
[2017-05-09 16:51:47,372] WARNING opentuner.search.driver: duplicate configuration request #3592 UniformGreedyMutation/UniformGreedyMutation OLD @driver.py:179
[2017-05-09 16:51:48,941] WARNING opentuner.search.driver: duplicate configuration request #3630 UniformGreedyMutation/UniformGreedyMutation OLD @driver.py:179
[2017-05-09 16:51:49,891] WARNING opentuner.search.driver: duplicate configuration request #3652 UniformGreedyMutation/UniformGreedyMutation OLD @driver.py:179
[2017-05-09 16:51:49,920] WARNING opentuner.search.driver: duplicate configuration request #3655 UniformGreedyMutation/NormalGreedyMutation OLD @driver.py:179
[2017-05-09 16:51:49,978] WARNING opentuner.search.driver: duplicate configuration request #3656 UniformGreedyMutation/UniformGreedyMutation OLD @driver.py:179
[2017-05-09 16:51:51,174] WARNING opentuner.search.driver: duplicate configuration request #3688 UniformGreedyMutation/NormalGreedyMutation OLD @driver.py:179
[2017-05-09 16:51:53,475] WARNING opentuner.search.driver: duplicate configuration request #3741 UniformGreedyMutation/UniformGreedyMutation OLD @driver.py:179
[2017-05-09 16:51:54,910] WARNING opentuner.search.driver: duplicate configuration request #3777 UniformGreedyMutation/UniformGreedyMutation OLD @driver.py:179
[2017-05-09 16:51:55,412] WARNING opentuner.search.driver: duplicate configuration request #3791 UniformGreedyMutation/UniformGreedyMutation OLD @driver.py:179
[2017-05-09 16:51:55,616] WARNING opentuner.search.driver: duplicate configuration request #3797 NormalGreedyMutation/UniformGreedyMutation OLD @driver.py:179
[2017-05-09 16:51:55,628] WARNING opentuner.search.driver: duplicate configuration request #3798 UniformGreedyMutation/UniformGreedyMutation OLD @driver.py:179
[2017-05-09 16:51:55,639] WARNING opentuner.search.driver: duplicate configuration request #3799 UniformGreedyMutation/NormalGreedyMutation OLD @driver.py:179
[2017-05-09 16:51:58,666] WARNING opentuner.search.driver: duplicate configuration request #3862 UniformGreedyMutation/UniformGreedyMutation OLD @driver.py:179
[2017-05-09 16:51:59,035] WARNING opentuner.search.driver: duplicate configuration request #3869 UniformGreedyMutation/UniformGreedyMutation OLD @driver.py:179
[2017-05-09 16:52:03,324] WARNING opentuner.search.driver: duplicate configuration request #3974 UniformGreedyMutation/UniformGreedyMutation OLD @driver.py:179
[2017-05-09 16:52:05,014] WARNING opentuner.search.driver: duplicate configuration request #4013 UniformGreedyMutation/NormalGreedyMutation OLD @driver.py:179
[2017-05-09 16:52:05,035] WARNING opentuner.search.driver: duplicate configuration request #4015 UniformGreedyMutation/UniformGreedyMutation OLD @driver.py:179
[2017-05-09 16:52:05,864] WARNING opentuner.search.driver: duplicate configuration request #4034 UniformGreedyMutation/DifferentialEvolutionAlt OLD @driver.py:179
[2017-05-09 16:52:06,580] WARNING opentuner.search.driver: duplicate configuration request #4052 UniformGreedyMutation/UniformGreedyMutation OLD @driver.py:179
[2017-05-09 16:52:07,630] WARNING opentuner.search.driver: duplicate configuration request #4077 UniformGreedyMutation/UniformGreedyMutation OLD @driver.py:179
[2017-05-09 16:52:07,734] WARNING opentuner.search.driver: duplicate configuration request #4081 UniformGreedyMutation/UniformGreedyMutation OLD @driver.py:179
[2017-05-09 16:52:09,369] WARNING opentuner.search.driver: duplicate configuration request #4119 UniformGreedyMutation/UniformGreedyMutation OLD @driver.py:179
[2017-05-09 16:52:09,958] WARNING opentuner.search.driver: duplicate configuration request #4133 UniformGreedyMutation/UniformGreedyMutation OLD @driver.py:179
[2017-05-09 16:52:10,983] WARNING opentuner.search.driver: duplicate configuration request #4158 UniformGreedyMutation/UniformGreedyMutation OLD @driver.py:179
[2017-05-09 16:52:11,782] WARNING opentuner.search.driver: duplicate configuration request #4179 UniformGreedyMutation/UniformGreedyMutation OLD @driver.py:179
[2017-05-09 16:52:12,272] WARNING opentuner.search.driver: duplicate configuration request #4191 NormalGreedyMutation/UniformGreedyMutation OLD @driver.py:179
[2017-05-09 16:52:12,859] WARNING opentuner.search.driver: duplicate configuration request #4205 UniformGreedyMutation/UniformGreedyMutation OLD @driver.py:179
[2017-05-09 16:52:13,609] WARNING opentuner.search.driver: duplicate configuration request #4222 UniformGreedyMutation/UniformGreedyMutation OLD @driver.py:179
[2017-05-09 16:52:13,721] WARNING opentuner.search.driver: duplicate configuration request #4227 NormalGreedyMutation/NormalGreedyMutation OLD @driver.py:179
[2017-05-09 16:52:14,715] WARNING opentuner.search.driver: duplicate configuration request #4248 UniformGreedyMutation/NormalGreedyMutation OLD @driver.py:179
[2017-05-09 16:52:15,356] WARNING opentuner.search.driver: duplicate configuration request #4264 UniformGreedyMutation/UniformGreedyMutation OLD @driver.py:179
[2017-05-09 16:52:15,856] WARNING opentuner.search.driver: duplicate configuration request #4278 UniformGreedyMutation/UniformGreedyMutation OLD @driver.py:179
[2017-05-09 16:52:18,188] WARNING opentuner.search.driver: duplicate configuration request #4333 UniformGreedyMutation/UniformGreedyMutation OLD @driver.py:179
[2017-05-09 16:52:18,685] WARNING opentuner.search.driver: duplicate configuration request #4346 UniformGreedyMutation/NormalGreedyMutation OLD @driver.py:179
[2017-05-09 16:52:20,383] WARNING opentuner.search.driver: duplicate configuration request #4383 NormalGreedyMutation/UniformGreedyMutation OLD @driver.py:179
[2017-05-09 16:52:20,614] WARNING opentuner.search.driver: duplicate configuration request #4391 UniformGreedyMutation/UniformGreedyMutation OLD @driver.py:179
[2017-05-09 16:52:22,428] WARNING opentuner.search.driver: duplicate configuration request #4433 UniformGreedyMutation/UniformGreedyMutation OLD @driver.py:179
[2017-05-09 16:52:22,775] WARNING opentuner.search.driver: duplicate configuration request #4442 UniformGreedyMutation/UniformGreedyMutation OLD @driver.py:179
[2017-05-09 16:52:23,154] WARNING opentuner.search.driver: duplicate configuration request #4448 UniformGreedyMutation/UniformGreedyMutation OLD @driver.py:179
[2017-05-09 16:52:23,165] WARNING opentuner.search.driver: duplicate configuration request #4449 UniformGreedyMutation/UniformGreedyMutation OLD @driver.py:179
[2017-05-09 16:52:23,504] WARNING opentuner.search.driver: duplicate configuration request #4456 UniformGreedyMutation/UniformGreedyMutation OLD @driver.py:179
[2017-05-09 16:52:24,253] WARNING opentuner.search.driver: duplicate configuration request #4477 UniformGreedyMutation/NormalGreedyMutation OLD @driver.py:179
[2017-05-09 16:52:24,273] WARNING opentuner.search.driver: duplicate configuration request #4479 UniformGreedyMutation/UniformGreedyMutation OLD @driver.py:179
[2017-05-09 16:52:25,200] WARNING opentuner.search.driver: duplicate configuration request #4496 UniformGreedyMutation/UniformGreedyMutation OLD @driver.py:179
[2017-05-09 16:52:25,228] WARNING opentuner.search.driver: duplicate configuration request #4499 UniformGreedyMutation/NormalGreedyMutation OLD @driver.py:179
[2017-05-09 16:52:25,297] WARNING opentuner.search.driver: duplicate configuration request #4501 UniformGreedyMutation/NormalGreedyMutation OLD @driver.py:179
[2017-05-09 16:52:26,200] WARNING opentuner.search.driver: duplicate configuration request #4523 NormalGreedyMutation/NormalGreedyMutation OLD @driver.py:179
[2017-05-09 16:52:27,017] WARNING opentuner.search.driver: duplicate configuration request #4529 UniformGreedyMutation/UniformGreedyMutation OLD @driver.py:179
[2017-05-09 16:52:27,250] WARNING opentuner.search.driver: duplicate configuration request #4537 UniformGreedyMutation/UniformGreedyMutation OLD @driver.py:179
[2017-05-09 16:52:28,432] WARNING opentuner.search.driver: duplicate configuration request #4565 UniformGreedyMutation/UniformGreedyMutation OLD @driver.py:179
[2017-05-09 16:52:29,197] WARNING opentuner.search.driver: duplicate configuration request #4586 UniformGreedyMutation/NormalGreedyMutation OLD @driver.py:179
[2017-05-09 16:52:29,209] WARNING opentuner.search.driver: duplicate configuration request #4587 UniformGreedyMutation/UniformGreedyMutation OLD @driver.py:179
[2017-05-09 16:52:30,484] WARNING opentuner.search.driver: duplicate configuration request #4614 NormalGreedyMutation/NormalGreedyMutation OLD @driver.py:179
[2017-05-09 16:52:30,721] WARNING opentuner.search.driver: duplicate configuration request #4622 NormalGreedyMutation/UniformGreedyMutation OLD @driver.py:179
[2017-05-09 16:52:31,132] WARNING opentuner.search.driver: duplicate configuration request #4630 UniformGreedyMutation/UniformGreedyMutation OLD @driver.py:179
[2017-05-09 16:52:31,798] WARNING opentuner.search.driver: duplicate configuration request #4647 UniformGreedyMutation/NormalGreedyMutation OLD @driver.py:179
[2017-05-09 16:52:32,398] WARNING opentuner.search.driver: duplicate configuration request #4660 NormalGreedyMutation/NormalGreedyMutation OLD @driver.py:179
[2017-05-09 16:52:32,427] WARNING opentuner.search.driver: duplicate configuration request #4663 NormalGreedyMutation/NormalGreedyMutation OLD @driver.py:179
[2017-05-09 16:52:33,349] WARNING opentuner.search.driver: duplicate configuration request #4683 UniformGreedyMutation/NormalGreedyMutation OLD @driver.py:179
[2017-05-09 16:52:34,205] WARNING opentuner.search.driver: duplicate configuration request #4702 UniformGreedyMutation/UniformGreedyMutation OLD @driver.py:179
[2017-05-09 16:52:34,691] WARNING opentuner.search.driver: duplicate configuration request #4713 UniformGreedyMutation/NormalGreedyMutation OLD @driver.py:179
[2017-05-09 16:52:35,225] WARNING opentuner.search.driver: duplicate configuration request #4724 UniformGreedyMutation/UniformGreedyMutation OLD @driver.py:179
[2017-05-09 16:52:37,901] WARNING opentuner.search.driver: duplicate configuration request #4781 NormalGreedyMutation/NormalGreedyMutation OLD @driver.py:179
[2017-05-09 16:52:38,153] WARNING opentuner.search.driver: duplicate configuration request #4791 UniformGreedyMutation/UniformGreedyMutation OLD @driver.py:179
[2017-05-09 16:52:38,387] WARNING opentuner.search.driver: duplicate configuration request #4796 NormalGreedyMutation/NormalGreedyMutation OLD @driver.py:179
[2017-05-09 16:52:38,504] WARNING opentuner.search.driver: duplicate configuration request #4801 NormalGreedyMutation/UniformGreedyMutation OLD @driver.py:179
[2017-05-09 16:52:43,436] WARNING opentuner.search.driver: duplicate configuration request #4908 UniformGreedyMutation/UniformGreedyMutation OLD @driver.py:179
[2017-05-09 16:52:43,447] WARNING opentuner.search.driver: duplicate configuration request #4909 UniformGreedyMutation/UniformGreedyMutation OLD @driver.py:179
[2017-05-09 16:52:43,653] WARNING opentuner.search.driver: duplicate configuration request #4916 UniformGreedyMutation/UniformGreedyMutation OLD @driver.py:179
[2017-05-09 16:52:44,850] WARNING opentuner.search.driver: duplicate configuration request #4944 UniformGreedyMutation/UniformGreedyMutation OLD @driver.py:179
[2017-05-09 16:52:44,970] WARNING opentuner.search.driver: duplicate configuration request #4949 NormalGreedyMutation/NormalGreedyMutation OLD @driver.py:179
[2017-05-09 16:52:45,079] WARNING opentuner.search.driver: duplicate configuration request #4953 UniformGreedyMutation/UniformGreedyMutation OLD @driver.py:179
[2017-05-09 16:52:45,098] WARNING opentuner.search.driver: duplicate configuration request #4955 UniformGreedyMutation/UniformGreedyMutation OLD @driver.py:179
[2017-05-09 16:52:45,983] WARNING opentuner.search.driver: duplicate configuration request #4973 NormalGreedyMutation/NormalGreedyMutation OLD @driver.py:179
[2017-05-09 16:52:47,229] WARNING opentuner.search.driver: duplicate configuration request #5001 UniformGreedyMutation/UniformGreedyMutation OLD @driver.py:179
[2017-05-09 16:52:47,249] WARNING opentuner.search.driver: duplicate configuration request #5003 UniformGreedyMutation/NormalGreedyMutation OLD @driver.py:179
